<?xml version="1.0" encoding="UTF-8"?>
<testsuite name="Runner"
           tests="6"
           failures="0"
           errors="0"
           skipped="0"
           time="38.106">
  <properties />
  
  
            <testcase name="verifyJobSearchResultUsingDifferentDataSet" time="6.340" classname="uk.co.library.testsuite.JobSearchTest" />
                <testcase name="verifyJobSearchResultUsingDifferentDataSet" time="5.361" classname="uk.co.library.testsuite.JobSearchTest" />
                <testcase name="verifyJobSearchResultUsingDifferentDataSet" time="7.106" classname="uk.co.library.testsuite.JobSearchTest" />
                <testcase name="verifyJobSearchResultUsingDifferentDataSet" time="6.837" classname="uk.co.library.testsuite.JobSearchTest" />
                <testcase name="verifyJobSearchResultUsingDifferentDataSet" time="6.418" classname="uk.co.library.testsuite.JobSearchTest" />
                <testcase name="verifyJobSearchResultUsingDifferentDataSet" time="6.044" classname="uk.co.library.testsuite.JobSearchTest" />
      
</testsuite>
